<?xml version="1.0" encoding="UTF-8"?>
<TestRun id="ca484c37-bef4-4f3c-bd03-30440c0da182" name="chris@CHRISTHINKPAD 2009-11-18 23:51:58" runUser="christhinkpad\chris" xmlns="http://microsoft.com/schemas/VisualStudio/TeamTest/2006">
  <TestRunConfiguration name="Local Test Run" id="aaa8ccf6-5eb7-4c53-b29d-84bc77d3315a">
    <Description>This is a default test run configuration for a local test run.</Description>
    <Deployment runDeploymentRoot="C:\Users\chris\Work\Patterson\MyPhotos\TestResults\chris_CHRISTHINKPAD 2009-11-18 23_51_58">
      <DeploymentItem filename="C:\Users\chris\Work\Patterson\MyPhotos\bin\nhib\NHibernate.ByteCode.Castle.dll" />
      <DeploymentItem filename="C:\Users\chris\Work\Patterson\MyPhotos\bin\nhib\Castle.DynamicProxy2.dll" />
      <DeploymentItem filename="C:\Users\chris\Work\Patterson\MyPhotos\bin\nhib\Castle.Core.dll" />
      <DeploymentItem filename="C:\Users\chris\Work\Patterson\MyPhotos\bin\nhib\FluentNHibernate.dll" />
      <DeploymentItem filename="C:\Users\chris\Work\Patterson\MyPhotos\bin\nhib\NHibernate.dll" />
      <DeploymentItem filename="C:\Users\chris\Work\Patterson\MyPhotos\MyPhotos.Core\bin\Debug\MyPhotos.Core.dll" />
    </Deployment>
    <TestTypeSpecific />
  </TestRunConfiguration>
  <ResultSummary outcome="NotRunnable">
    <Counters total="1" error="0" failed="0" timeout="0" aborted="0" inconclusive="0" passedButRunAborted="0" notRunnable="1" notExecuted="0" disconnected="0" warning="0" passed="0" completed="0" inProgress="0" pending="0" />
  </ResultSummary>
  <Times creation="2009-11-18T23:51:58.1278593-05:00" queuing="2009-11-18T23:51:59.8939603-05:00" start="2009-11-18T23:52:00.3409859-05:00" finish="2009-11-18T23:52:00.4589926-05:00" />
  <TestDefinitions>
    <UnitTest name="BuildDatabase" storage="c:\users\chris\work\patterson\myphotos\myphotos.tests\bin\debug\myphotos.tests.dll" id="3dc0bbcf-9621-d203-abcf-cc387be54a8e">
      <Css projectStructure="" iteration="" />
      <Owners>
        <Owner name="" />
      </Owners>
      <TestMethod codeBase="C:\Users\chris\Work\Patterson\MyPhotos\MyPhotos.Tests\bin\Debug\MyPhotos.Tests.dll" adapterTypeName="Microsoft.VisualStudio.TestTools.TestTypes.Unit.UnitTestAdapter, Microsoft.VisualStudio.QualityTools.Tips.UnitTest.Adapter, Version=9.0.0.0, Culture=neutral, PublicKeyToken=b03f5f7f11d50a3a" className="MyPhotos.Tests.UnitTest1, MyPhotos.Tests" name="BuildDatabase" />
    </UnitTest>
  </TestDefinitions>
  <TestLists>
    <TestList name="Results Not in a List" id="8c84fa94-04c1-424b-9868-57a2d4851a1d" />
    <TestList name="All Loaded Results" id="19431567-8539-422a-85d7-44ee4e166bda" />
  </TestLists>
  <TestEntries>
    <TestEntry testId="3dc0bbcf-9621-d203-abcf-cc387be54a8e" executionId="6f256d51-d222-4305-9a5c-445086f83dbb" testListId="8c84fa94-04c1-424b-9868-57a2d4851a1d" />
  </TestEntries>
  <Results>
    <UnitTestResult executionId="6f256d51-d222-4305-9a5c-445086f83dbb" testId="3dc0bbcf-9621-d203-abcf-cc387be54a8e" testName="BuildDatabase" computerName="CHRISTHINKPAD" duration="00:00:00" startTime="0001-01-01T00:00:00.0000000-05:00" endTime="0001-01-01T00:00:00.0000000-05:00" testType="13cdc9d9-ddb5-4fa4-a97d-d965ccfc6d4b" outcome="NotRunnable" testListId="8c84fa94-04c1-424b-9868-57a2d4851a1d">
      <Output>
        <ErrorInfo>
          <Message>UTA007: Method BuildDatabase defined in class MyPhotos.Tests.UnitTest1 does not have correct signature. Test method marked with the [TestMethod] attribute must be non-static, public, does not return a value and should not take any parameter. for example: public void Test.Class1.Test().</Message>
        </ErrorInfo>
      </Output>
    </UnitTestResult>
  </Results>
</TestRun>