<?xml version="1.0" encoding="UTF-8"?>
<TestRun id="aee76f3c-a1c6-42b2-bd73-a2762adf4af6" name="chris@CHRISTHINKPAD 2009-11-18 23:49:20" runUser="christhinkpad\chris" xmlns="http://microsoft.com/schemas/VisualStudio/TeamTest/2006">
  <TestRunConfiguration name="Local Test Run" id="aaa8ccf6-5eb7-4c53-b29d-84bc77d3315a">
    <Description>This is a default test run configuration for a local test run.</Description>
    <Deployment runDeploymentRoot="C:\Users\chris\Work\Patterson\MyPhotos\TestResults\chris_CHRISTHINKPAD 2009-11-18 23_49_20">
      <DeploymentItem filename="C:\Users\chris\Work\Patterson\MyPhotos\bin\nhib\NHibernate.ByteCode.Castle.dll" />
      <DeploymentItem filename="C:\Users\chris\Work\Patterson\MyPhotos\bin\nhib\Castle.DynamicProxy2.dll" />
      <DeploymentItem filename="C:\Users\chris\Work\Patterson\MyPhotos\bin\nhib\Castle.Core.dll" />
      <DeploymentItem filename="C:\Users\chris\Work\Patterson\MyPhotos\bin\nhib\FluentNHibernate.dll" />
      <DeploymentItem filename="C:\Users\chris\Work\Patterson\MyPhotos\bin\nhib\NHibernate.dll" />
      <DeploymentItem filename="C:\Users\chris\Work\Patterson\MyPhotos\MyPhotos.Core\bin\Debug\MyPhotos.Core.dll" />
    </Deployment>
    <TestTypeSpecific />
  </TestRunConfiguration>
  <ResultSummary outcome="Completed">
    <Counters total="1" executed="1" passed="1" error="0" failed="0" timeout="0" aborted="0" inconclusive="0" passedButRunAborted="0" notRunnable="0" notExecuted="0" disconnected="0" warning="0" completed="0" inProgress="0" pending="0" />
  </ResultSummary>
  <Times creation="2009-11-18T23:49:20.1038208-05:00" queuing="2009-11-18T23:49:24.7110844-05:00" start="2009-11-18T23:49:25.3361201-05:00" finish="2009-11-18T23:49:45.3732662-05:00" />
  <TestDefinitions>
    <UnitTest name="CanAddData" storage="c:\users\chris\work\patterson\myphotos\myphotos.tests\bin\debug\myphotos.tests.dll" id="d10a7591-ddd5-60b3-664e-0deb05ca5257">
      <Css projectStructure="" iteration="" />
      <Owners>
        <Owner name="" />
      </Owners>
      <Execution id="fab6da4b-b884-44ea-932c-bca07acc3f32" />
      <TestMethod codeBase="C:\Users\chris\Work\Patterson\MyPhotos\MyPhotos.Tests\bin\Debug\MyPhotos.Tests.dll" adapterTypeName="Microsoft.VisualStudio.TestTools.TestTypes.Unit.UnitTestAdapter, Microsoft.VisualStudio.QualityTools.Tips.UnitTest.Adapter, Version=9.0.0.0, Culture=neutral, PublicKeyToken=b03f5f7f11d50a3a" className="MyPhotos.Tests.UnitTest1, MyPhotos.Tests" name="CanAddData" />
    </UnitTest>
  </TestDefinitions>
  <TestLists>
    <TestList name="Results Not in a List" id="8c84fa94-04c1-424b-9868-57a2d4851a1d" />
    <TestList name="All Loaded Results" id="19431567-8539-422a-85d7-44ee4e166bda" />
  </TestLists>
  <TestEntries>
    <TestEntry testId="d10a7591-ddd5-60b3-664e-0deb05ca5257" executionId="fab6da4b-b884-44ea-932c-bca07acc3f32" testListId="8c84fa94-04c1-424b-9868-57a2d4851a1d" />
  </TestEntries>
  <Results>
    <UnitTestResult executionId="fab6da4b-b884-44ea-932c-bca07acc3f32" testId="d10a7591-ddd5-60b3-664e-0deb05ca5257" testName="CanAddData" computerName="CHRISTHINKPAD" duration="00:00:17.7519470" startTime="2009-11-18T23:49:25.8971522-05:00" endTime="2009-11-18T23:49:45.0142456-05:00" testType="13cdc9d9-ddb5-4fa4-a97d-d965ccfc6d4b" outcome="Passed" testListId="8c84fa94-04c1-424b-9868-57a2d4851a1d">
      <Output>
      </Output>
    </UnitTestResult>
  </Results>
</TestRun>