<?xml version="1.0" encoding="UTF-8"?>
<TestRun id="4092c9ec-766f-4498-af02-16bb8bddfb55" name="chris@CHRISTHINKPAD 2009-11-25 14:14:37" runUser="christhinkpad\chris" xmlns="http://microsoft.com/schemas/VisualStudio/TeamTest/2006">
  <TestRunConfiguration name="Local Test Run" id="aaa8ccf6-5eb7-4c53-b29d-84bc77d3315a">
    <Description>This is a default test run configuration for a local test run.</Description>
    <Deployment runDeploymentRoot="C:\Users\chris\Work\Patterson\MyPhotos\TestResults\chris_CHRISTHINKPAD 2009-11-25 14_14_37">
      <DeploymentItem filename="C:\Users\chris\Work\Patterson\MyPhotos\bin\nhib\NHibernate.dll" />
      <DeploymentItem filename="C:\Users\chris\Work\Patterson\MyPhotos\MyPhotos.Core\bin\Debug\MyPhotos.Core.dll" />
      <DeploymentItem filename="C:\Users\chris\Work\Patterson\MyPhotos\bin\nhib\Castle.Core.dll" />
      <DeploymentItem filename="C:\Users\chris\Work\Patterson\MyPhotos\bin\nhib\NHibernate.ByteCode.Castle.dll" />
      <DeploymentItem filename="C:\Users\chris\Work\Patterson\MyPhotos\bin\nhib\NHibernate.Linq.dll" />
      <DeploymentItem filename="C:\Users\chris\Work\Patterson\MyPhotos\bin\nhib\FluentNHibernate.dll" />
      <DeploymentItem filename="C:\Users\chris\Work\Patterson\MyPhotos\bin\moq\Moq.dll" />
      <DeploymentItem filename="C:\Users\chris\Work\Patterson\MyPhotos\bin\nhib\Castle.DynamicProxy2.dll" />
    </Deployment>
    <TestTypeSpecific />
  </TestRunConfiguration>
  <ResultSummary outcome="Completed">
    <Counters total="1" executed="1" passed="1" error="0" failed="0" timeout="0" aborted="0" inconclusive="0" passedButRunAborted="0" notRunnable="0" notExecuted="0" disconnected="0" warning="0" completed="0" inProgress="0" pending="0" />
  </ResultSummary>
  <Times creation="2009-11-25T14:14:37.3278616-05:00" queuing="2009-11-25T14:14:41.6601093-05:00" start="2009-11-25T14:14:41.9801276-05:00" finish="2009-11-25T14:14:43.8592351-05:00" />
  <TestDefinitions>
    <UnitTest name="GetById_with_valid_id_returns_not_null" storage="c:\users\chris\work\patterson\myphotos\myphotos.tests\bin\debug\myphotos.tests.dll" id="55ce3137-ba05-325e-5149-a27092d6ad55">
      <Css projectStructure="" iteration="" />
      <Owners>
        <Owner name="" />
      </Owners>
      <Execution id="171551bf-34ea-410a-aa59-58a3d065d32a" />
      <TestMethod codeBase="C:\Users\chris\Work\Patterson\MyPhotos\MyPhotos.Tests\bin\Debug\MyPhotos.Tests.dll" adapterTypeName="Microsoft.VisualStudio.TestTools.TestTypes.Unit.UnitTestAdapter, Microsoft.VisualStudio.QualityTools.Tips.UnitTest.Adapter, Version=9.0.0.0, Culture=neutral, PublicKeyToken=b03f5f7f11d50a3a" className="MyPhotos.Tests.ServiceTests.AlbumServiceTests, MyPhotos.Tests" name="GetById_with_valid_id_returns_not_null" />
    </UnitTest>
  </TestDefinitions>
  <TestLists>
    <TestList name="Results Not in a List" id="8c84fa94-04c1-424b-9868-57a2d4851a1d" />
    <TestList name="All Loaded Results" id="19431567-8539-422a-85d7-44ee4e166bda" />
  </TestLists>
  <TestEntries>
    <TestEntry testId="55ce3137-ba05-325e-5149-a27092d6ad55" executionId="171551bf-34ea-410a-aa59-58a3d065d32a" testListId="8c84fa94-04c1-424b-9868-57a2d4851a1d" />
  </TestEntries>
  <Results>
    <UnitTestResult executionId="171551bf-34ea-410a-aa59-58a3d065d32a" testId="55ce3137-ba05-325e-5149-a27092d6ad55" testName="GetById_with_valid_id_returns_not_null" computerName="CHRISTHINKPAD" duration="00:00:00.9904143" startTime="2009-11-25T14:14:42.1271361-05:00" endTime="2009-11-25T14:14:43.7912312-05:00" testType="13cdc9d9-ddb5-4fa4-a97d-d965ccfc6d4b" outcome="Passed" testListId="8c84fa94-04c1-424b-9868-57a2d4851a1d">
      <Output>
      </Output>
    </UnitTestResult>
  </Results>
</TestRun>